<?xml version="1.0" encoding="UTF-8"?>
<!-- Generated by org.testng.reporters.JUnitReportReporter -->
<testsuite hostname="DESKTOP-RN9H6QU" failures="0" tests="5" name="com.api.auto.testcase.TC_API_Login" time="1.193" errors="0" timestamp="2023-07-07T18:17:15 ICT" skipped="0">
  <testcase classname="com.api.auto.testcase.TC_API_Login" name="TC01_Validate200Ok" time="0.014"/>
  <system-out/>
  <testcase classname="com.api.auto.testcase.TC_API_Login" name="TC02_ValidateMessage" time="1.076"/>
  <system-out/>
  <testcase classname="com.api.auto.testcase.TC_API_Login" name="TC03_ValidateToken" time="0.041"/>
  <system-out/>
  <testcase classname="com.api.auto.testcase.TC_API_Login" name="TC04_ValidateUserType" time="0.022"/>
  <system-out/>
  <testcase classname="com.api.auto.testcase.TC_API_Login" name="TC05_ValidateAccount" time="0.040"/>
  <system-out/>
</testsuite> <!-- com.api.auto.testcase.TC_API_Login -->
