<?xml version="1.0" encoding="UTF-8"?>
<!-- Generated by org.testng.reporters.JUnitReportReporter -->
<testsuite hostname="DESKTOP-RN9H6QU" failures="0" tests="2" name="com.api.auto.testcase.OTHER_TESTCASE" time="3.683" errors="0" timestamp="2023-07-05T16:53:03 ICT" skipped="0">
  <testcase classname="com.api.auto.testcase.OTHER_TESTCASE" name="TC02_postCreatework" time="0.282"/>
  <system-out/>
  <testcase classname="com.api.auto.testcase.OTHER_TESTCASE" name="TC01_postLoginAccount" time="3.401"/>
  <system-out/>
</testsuite> <!-- com.api.auto.testcase.OTHER_TESTCASE -->
