<?xml version="1.0" encoding="UTF-8"?>
<!-- Generated by org.testng.reporters.JUnitReportReporter -->
<testsuite hostname="DESKTOP-RN9H6QU" failures="0" tests="5" name="com.api.auto.testcase.TC_API_Login2" time="1.100" errors="0" timestamp="2023-07-05T22:49:30 ICT" skipped="0">
  <testcase classname="com.api.auto.testcase.TC_API_Login2" name="TC01_Validate200Ok" time="0.013"/>
  <system-out/>
  <testcase classname="com.api.auto.testcase.TC_API_Login2" name="TC02_ValidateMessage" time="0.002"/>
  <system-out/>
  <testcase classname="com.api.auto.testcase.TC_API_Login2" name="TC03_ValidateToken" time="1.017"/>
  <system-out/>
  <testcase classname="com.api.auto.testcase.TC_API_Login2" name="TC04_ValidateUserType" time="0.027"/>
  <system-out/>
  <testcase classname="com.api.auto.testcase.TC_API_Login2" name="TC05_ValidateAccount" time="0.041"/>
  <system-out/>
</testsuite> <!-- com.api.auto.testcase.TC_API_Login2 -->
