<?xml version="1.0" encoding="UTF-8"?>
<!-- Generated by org.testng.reporters.JUnitReportReporter -->
<testsuite hostname="DESKTOP-RN9H6QU" failures="0" tests="5" name="com.api.auto.testcase2.TC_API_Login2" time="3.084" errors="0" timestamp="2023-07-07T14:46:55 ICT" skipped="0">
  <testcase classname="com.api.auto.testcase2.TC_API_Login2" name="TC01_Validate200Ok" time="0.156"/>
  <system-out/>
  <testcase classname="com.api.auto.testcase2.TC_API_Login2" name="TC02_ValidateMessage" time="0.165"/>
  <system-out/>
  <testcase classname="com.api.auto.testcase2.TC_API_Login2" name="TC03_ValidateToken" time="0.738"/>
  <system-out/>
  <testcase classname="com.api.auto.testcase2.TC_API_Login2" name="TC04_ValidateUserType" time="0.178"/>
  <system-out/>
  <testcase classname="com.api.auto.testcase2.TC_API_Login2" name="TC05_ValidateAccount" time="1.847"/>
  <system-out/>
</testsuite> <!-- com.api.auto.testcase2.TC_API_Login2 -->
